[0.014s] Invoking command in '/home/yusuf/ros2_control_hw/build/control_package': CMAKE_PREFIX_PATH=${CMAKE_PREFIX_PATH}:/opt/ros/humble /usr/bin/cmake /home/yusuf/ros2_control_hw/src/control_package -DCMAKE_INSTALL_PREFIX=/home/yusuf/ros2_control_hw/install/control_package
[0.385s] -- The C compiler identification is GNU 11.4.0
[0.598s] -- The CXX compiler identification is GNU 11.4.0
[0.607s] -- Detecting C compiler ABI info
[0.694s] -- Detecting C compiler ABI info - done
[0.702s] -- Check for working C compiler: /usr/bin/cc - skipped
[0.702s] -- Detecting C compile features
[0.703s] -- Detecting C compile features - done
[0.706s] -- Detecting CXX compiler ABI info
[0.776s] -- Detecting CXX compiler ABI info - done
[0.783s] -- Check for working CXX compiler: /usr/bin/c++ - skipped
[0.783s] -- Detecting CXX compile features
[0.784s] -- Detecting CXX compile features - done
[0.805s] -- Found ament_cmake: 1.3.12 (/opt/ros/humble/share/ament_cmake/cmake)
[1.089s] -- Found Python3: /usr/bin/python3 (found version "3.10.12") found components: Interpreter 
[1.186s] -- Found rclcpp: 16.0.17 (/opt/ros/humble/share/rclcpp/cmake)
[1.239s] -- Found rosidl_generator_c: 3.1.8 (/opt/ros/humble/share/rosidl_generator_c/cmake)
[1.245s] -- Found rosidl_adapter: 3.1.8 (/opt/ros/humble/share/rosidl_adapter/cmake)
[1.255s] -- Found rosidl_generator_cpp: 3.1.8 (/opt/ros/humble/share/rosidl_generator_cpp/cmake)
[1.273s] -- Using all available rosidl_typesupport_c: rosidl_typesupport_fastrtps_c;rosidl_typesupport_introspection_c
[1.288s] -- Using all available rosidl_typesupport_cpp: rosidl_typesupport_fastrtps_cpp;rosidl_typesupport_introspection_cpp
[1.328s] -- Found rmw_implementation_cmake: 6.1.2 (/opt/ros/humble/share/rmw_implementation_cmake/cmake)
[1.331s] -- Found rmw_fastrtps_cpp: 6.2.9 (/opt/ros/humble/share/rmw_fastrtps_cpp/cmake)
[1.430s] -- Found OpenSSL: /usr/lib/x86_64-linux-gnu/libcrypto.so (found version "3.0.2")  
[1.451s] -- Found FastRTPS: /opt/ros/humble/include  
[1.478s] -- Using RMW implementation 'rmw_fastrtps_cpp' as default
[1.497s] -- Looking for pthread.h
[1.606s] -- Looking for pthread.h - found
[1.606s] -- Performing Test CMAKE_HAVE_LIBC_PTHREAD
[1.664s] -- Performing Test CMAKE_HAVE_LIBC_PTHREAD - Success
[1.665s] -- Found Threads: TRUE  
[1.720s] -- Configuring incomplete, errors occurred!
[1.720s] See also "/home/yusuf/ros2_control_hw/build/control_package/CMakeFiles/CMakeOutput.log".
[1.720s] [31mCMake Error at CMakeLists.txt:11 (find_package):
[1.720s]   By not providing "Findhardware_interface.cmake" in CMAKE_MODULE_PATH this
[1.720s]   project has asked CMake to find a package configuration file provided by
[1.720s]   "hardware_interface", but CMake did not find one.
[1.720s] 
[1.720s]   Could not find a package configuration file provided by
[1.720s]   "hardware_interface" with any of the following names:
[1.720s] 
[1.720s]     hardware_interfaceConfig.cmake
[1.720s]     hardware_interface-config.cmake
[1.720s] 
[1.720s]   Add the installation prefix of "hardware_interface" to CMAKE_PREFIX_PATH or
[1.720s]   set "hardware_interface_DIR" to a directory containing one of the above
[1.720s]   files.  If "hardware_interface" provides a separate development package or
[1.720s]   SDK, be sure it has been installed.
[1.720s] 
[1.720s] [0m
[1.727s] Invoked command in '/home/yusuf/ros2_control_hw/build/control_package' returned '1': CMAKE_PREFIX_PATH=${CMAKE_PREFIX_PATH}:/opt/ros/humble /usr/bin/cmake /home/yusuf/ros2_control_hw/src/control_package -DCMAKE_INSTALL_PREFIX=/home/yusuf/ros2_control_hw/install/control_package
